<?xml version="1.0" encoding="UTF-8"?>
<!-- Generated by org.testng.reporters.JUnitReportReporter -->
<testsuite hostname="josh-Latitude-3410" failures="0" tests="1" name="rest.assured.practice.StaticJson" time="2.075" errors="0" timestamp="2023-03-30T14:11:27 IST" skipped="0">
  <testcase classname="rest.assured.practice.StaticJson" name="addBook" time="2.075"/>
  <system-out/>
</testsuite> <!-- rest.assured.practice.StaticJson -->
